f:\gundam_engine\customeditor\spinepartcile\cocos2d\cocos\editor-support\cocostudio\proj.win32\debug.win32\ccactiontimeline.obj
f:\gundam_engine\customeditor\spinepartcile\cocos2d\cocos\editor-support\cocostudio\proj.win32\debug.win32\ccactionframe.obj
f:\gundam_engine\customeditor\spinepartcile\cocos2d\cocos\editor-support\cocostudio\proj.win32\debug.win32\ccactionobject.obj
f:\gundam_engine\customeditor\spinepartcile\cocos2d\cocos\editor-support\cocostudio\proj.win32\debug.win32\ccarmaturedefine.obj
f:\gundam_engine\customeditor\spinepartcile\cocos2d\cocos\editor-support\cocostudio\proj.win32\debug.win32\ccbatchnode.obj
f:\gundam_engine\customeditor\spinepartcile\cocos2d\cocos\editor-support\cocostudio\proj.win32\debug.win32\cccomattribute.obj
f:\gundam_engine\customeditor\spinepartcile\cocos2d\cocos\editor-support\cocostudio\proj.win32\debug.win32\ccdatas.obj
f:\gundam_engine\customeditor\spinepartcile\cocos2d\cocos\editor-support\cocostudio\proj.win32\debug.win32\ccdisplayfactory.obj
f:\gundam_engine\customeditor\spinepartcile\cocos2d\cocos\editor-support\cocostudio\proj.win32\debug.win32\ccsguireader.obj
f:\gundam_engine\customeditor\spinepartcile\cocos2d\cocos\editor-support\cocostudio\proj.win32\debug.win32\ccutilmath.obj
f:\gundam_engine\customeditor\spinepartcile\cocos2d\cocos\editor-support\cocostudio\proj.win32\debug.win32\triggerobj.obj
f:\gundam_engine\customeditor\spinepartcile\cocos2d\cocos\editor-support\cocostudio\proj.win32\debug.win32\listviewreader.obj
f:\gundam_engine\customeditor\spinepartcile\cocos2d\cocos\editor-support\cocostudio\proj.win32\debug.win32\scrollviewreader.obj
f:\gundam_engine\customeditor\spinepartcile\cocos2d\cocos\editor-support\cocostudio\proj.win32\debug.win32\textatlasreader.obj
f:\gundam_engine\customeditor\spinepartcile\cocos2d\cocos\editor-support\cocostudio\proj.win32\debug.win32\widgetreader.obj
f:\gundam_engine\customeditor\spinepartcile\cocos2d\cocos\editor-support\cocostudio\proj.win32\debug.win32\ccframe.obj
f:\gundam_engine\customeditor\spinepartcile\cocos2d\cocos\editor-support\cocostudio\proj.win32\debug.win32\cctimeline.obj
f:\gundam_engine\customeditor\spinepartcile\cocos2d\cocos\editor-support\cocostudio\proj.win32\debug.win32\ccarmaturedatamanager.obj
f:\gundam_engine\customeditor\spinepartcile\cocos2d\cocos\editor-support\cocostudio\proj.win32\debug.win32\cccomaudio.obj
f:\gundam_engine\customeditor\spinepartcile\cocos2d\cocos\editor-support\cocostudio\proj.win32\debug.win32\ccdatareaderhelper.obj
f:\gundam_engine\customeditor\spinepartcile\cocos2d\cocos\editor-support\cocostudio\proj.win32\debug.win32\ccdisplaymanager.obj
f:\gundam_engine\customeditor\spinepartcile\cocos2d\cocos\editor-support\cocostudio\proj.win32\debug.win32\ccskin.obj
f:\gundam_engine\customeditor\spinepartcile\cocos2d\cocos\editor-support\cocostudio\proj.win32\debug.win32\cctransformhelp.obj
f:\gundam_engine\customeditor\spinepartcile\cocos2d\cocos\editor-support\cocostudio\proj.win32\debug.win32\cocoloader.obj
f:\gundam_engine\customeditor\spinepartcile\cocos2d\cocos\editor-support\cocostudio\proj.win32\debug.win32\dictionaryhelper.obj
f:\gundam_engine\customeditor\spinepartcile\cocos2d\cocos\editor-support\cocostudio\proj.win32\debug.win32\triggerbase.obj
f:\gundam_engine\customeditor\spinepartcile\cocos2d\cocos\editor-support\cocostudio\proj.win32\debug.win32\checkboxreader.obj
f:\gundam_engine\customeditor\spinepartcile\cocos2d\cocos\editor-support\cocostudio\proj.win32\debug.win32\loadingbarreader.obj
f:\gundam_engine\customeditor\spinepartcile\cocos2d\cocos\editor-support\cocostudio\proj.win32\debug.win32\textfieldreader.obj
f:\gundam_engine\customeditor\spinepartcile\cocos2d\cocos\editor-support\cocostudio\proj.win32\debug.win32\ccnodereader.obj
f:\gundam_engine\customeditor\spinepartcile\cocos2d\cocos\editor-support\cocostudio\proj.win32\debug.win32\ccactionframeeasing.obj
f:\gundam_engine\customeditor\spinepartcile\cocos2d\cocos\editor-support\cocostudio\proj.win32\debug.win32\ccactionnode.obj
f:\gundam_engine\customeditor\spinepartcile\cocos2d\cocos\editor-support\cocostudio\proj.win32\debug.win32\ccarmatureanimation.obj
f:\gundam_engine\customeditor\spinepartcile\cocos2d\cocos\editor-support\cocostudio\proj.win32\debug.win32\cccolliderdetector.obj
f:\gundam_engine\customeditor\spinepartcile\cocos2d\cocos\editor-support\cocostudio\proj.win32\debug.win32\cccomcontroller.obj
f:\gundam_engine\customeditor\spinepartcile\cocos2d\cocos\editor-support\cocostudio\proj.win32\debug.win32\ccdecorativedisplay.obj
f:\gundam_engine\customeditor\spinepartcile\cocos2d\cocos\editor-support\cocostudio\proj.win32\debug.win32\ccinputdelegate.obj
f:\gundam_engine\customeditor\spinepartcile\cocos2d\cocos\editor-support\cocostudio\proj.win32\debug.win32\ccspriteframecachehelper.obj
f:\gundam_engine\customeditor\spinepartcile\cocos2d\cocos\editor-support\cocostudio\proj.win32\debug.win32\cctween.obj
f:\gundam_engine\customeditor\spinepartcile\cocos2d\cocos\editor-support\cocostudio\proj.win32\debug.win32\triggermng.obj
f:\gundam_engine\customeditor\spinepartcile\cocos2d\cocos\editor-support\cocostudio\proj.win32\debug.win32\layoutreader.obj
f:\gundam_engine\customeditor\spinepartcile\cocos2d\cocos\editor-support\cocostudio\proj.win32\debug.win32\sliderreader.obj
f:\gundam_engine\customeditor\spinepartcile\cocos2d\cocos\editor-support\cocostudio\proj.win32\debug.win32\textbmfontreader.obj
f:\gundam_engine\customeditor\spinepartcile\cocos2d\cocos\editor-support\cocostudio\proj.win32\debug.win32\ccactiontimelinecache.obj
f:\gundam_engine\customeditor\spinepartcile\cocos2d\cocos\editor-support\cocostudio\proj.win32\debug.win32\ccactionmanagerex.obj
f:\gundam_engine\customeditor\spinepartcile\cocos2d\cocos\editor-support\cocostudio\proj.win32\debug.win32\ccarmature.obj
f:\gundam_engine\customeditor\spinepartcile\cocos2d\cocos\editor-support\cocostudio\proj.win32\debug.win32\ccbone.obj
f:\gundam_engine\customeditor\spinepartcile\cocos2d\cocos\editor-support\cocostudio\proj.win32\debug.win32\cccomrender.obj
f:\gundam_engine\customeditor\spinepartcile\cocos2d\cocos\editor-support\cocostudio\proj.win32\debug.win32\ccprocessbase.obj
f:\gundam_engine\customeditor\spinepartcile\cocos2d\cocos\editor-support\cocostudio\proj.win32\debug.win32\ccsscenereader.obj
f:\gundam_engine\customeditor\spinepartcile\cocos2d\cocos\editor-support\cocostudio\proj.win32\debug.win32\buttonreader.obj
f:\gundam_engine\customeditor\spinepartcile\cocos2d\cocos\editor-support\cocostudio\proj.win32\debug.win32\imageviewreader.obj
f:\gundam_engine\customeditor\spinepartcile\cocos2d\cocos\editor-support\cocostudio\proj.win32\debug.win32\pageviewreader.obj
f:\gundam_engine\customeditor\spinepartcile\cocos2d\cocos\editor-support\cocostudio\proj.win32\debug.win32\textreader.obj
e:\spinepartcile\cocos2d\cocos\editor-support\cocostudio\proj.win32\debug.win32\ccnodereader.obj
e:\spinepartcile\cocos2d\cocos\editor-support\cocostudio\proj.win32\debug.win32\ccactionmanagerex.obj
e:\spinepartcile\cocos2d\cocos\editor-support\cocostudio\proj.win32\debug.win32\ccarmature.obj
e:\spinepartcile\cocos2d\cocos\editor-support\cocostudio\proj.win32\debug.win32\ccbone.obj
e:\spinepartcile\cocos2d\cocos\editor-support\cocostudio\proj.win32\debug.win32\cccomrender.obj
e:\spinepartcile\cocos2d\cocos\editor-support\cocostudio\proj.win32\debug.win32\ccskin.obj
e:\spinepartcile\cocos2d\cocos\editor-support\cocostudio\proj.win32\debug.win32\cctween.obj
e:\spinepartcile\cocos2d\cocos\editor-support\cocostudio\proj.win32\debug.win32\dictionaryhelper.obj
e:\spinepartcile\cocos2d\cocos\editor-support\cocostudio\proj.win32\debug.win32\triggermng.obj
e:\spinepartcile\cocos2d\cocos\editor-support\cocostudio\proj.win32\debug.win32\imageviewreader.obj
e:\spinepartcile\cocos2d\cocos\editor-support\cocostudio\proj.win32\debug.win32\pageviewreader.obj
e:\spinepartcile\cocos2d\cocos\editor-support\cocostudio\proj.win32\debug.win32\textbmfontreader.obj
e:\spinepartcile\cocos2d\cocos\editor-support\cocostudio\proj.win32\debug.win32\ccactiontimeline.obj
e:\spinepartcile\cocos2d\cocos\editor-support\cocostudio\proj.win32\debug.win32\ccactionframe.obj
e:\spinepartcile\cocos2d\cocos\editor-support\cocostudio\proj.win32\debug.win32\ccactionobject.obj
e:\spinepartcile\cocos2d\cocos\editor-support\cocostudio\proj.win32\debug.win32\ccarmaturedefine.obj
e:\spinepartcile\cocos2d\cocos\editor-support\cocostudio\proj.win32\debug.win32\ccbatchnode.obj
e:\spinepartcile\cocos2d\cocos\editor-support\cocostudio\proj.win32\debug.win32\cccomaudio.obj
e:\spinepartcile\cocos2d\cocos\editor-support\cocostudio\proj.win32\debug.win32\ccdatareaderhelper.obj
e:\spinepartcile\cocos2d\cocos\editor-support\cocostudio\proj.win32\debug.win32\ccinputdelegate.obj
e:\spinepartcile\cocos2d\cocos\editor-support\cocostudio\proj.win32\debug.win32\ccsguireader.obj
e:\spinepartcile\cocos2d\cocos\editor-support\cocostudio\proj.win32\debug.win32\cocoloader.obj
e:\spinepartcile\cocos2d\cocos\editor-support\cocostudio\proj.win32\debug.win32\triggerbase.obj
e:\spinepartcile\cocos2d\cocos\editor-support\cocostudio\proj.win32\debug.win32\checkboxreader.obj
e:\spinepartcile\cocos2d\cocos\editor-support\cocostudio\proj.win32\debug.win32\loadingbarreader.obj
e:\spinepartcile\cocos2d\cocos\editor-support\cocostudio\proj.win32\debug.win32\textatlasreader.obj
e:\spinepartcile\cocos2d\cocos\editor-support\cocostudio\proj.win32\debug.win32\widgetreader.obj
e:\spinepartcile\cocos2d\cocos\editor-support\cocostudio\proj.win32\debug.win32\ccactiontimelinecache.obj
e:\spinepartcile\cocos2d\cocos\editor-support\cocostudio\proj.win32\debug.win32\ccactionframeeasing.obj
e:\spinepartcile\cocos2d\cocos\editor-support\cocostudio\proj.win32\debug.win32\ccactionnode.obj
e:\spinepartcile\cocos2d\cocos\editor-support\cocostudio\proj.win32\debug.win32\ccarmatureanimation.obj
e:\spinepartcile\cocos2d\cocos\editor-support\cocostudio\proj.win32\debug.win32\cccolliderdetector.obj
e:\spinepartcile\cocos2d\cocos\editor-support\cocostudio\proj.win32\debug.win32\cccomcontroller.obj
e:\spinepartcile\cocos2d\cocos\editor-support\cocostudio\proj.win32\debug.win32\ccdecorativedisplay.obj
e:\spinepartcile\cocos2d\cocos\editor-support\cocostudio\proj.win32\debug.win32\ccdisplaymanager.obj
e:\spinepartcile\cocos2d\cocos\editor-support\cocostudio\proj.win32\debug.win32\ccspriteframecachehelper.obj
e:\spinepartcile\cocos2d\cocos\editor-support\cocostudio\proj.win32\debug.win32\cctransformhelp.obj
e:\spinepartcile\cocos2d\cocos\editor-support\cocostudio\proj.win32\debug.win32\ccutilmath.obj
e:\spinepartcile\cocos2d\cocos\editor-support\cocostudio\proj.win32\debug.win32\triggerobj.obj
e:\spinepartcile\cocos2d\cocos\editor-support\cocostudio\proj.win32\debug.win32\layoutreader.obj
e:\spinepartcile\cocos2d\cocos\editor-support\cocostudio\proj.win32\debug.win32\scrollviewreader.obj
e:\spinepartcile\cocos2d\cocos\editor-support\cocostudio\proj.win32\debug.win32\textfieldreader.obj
e:\spinepartcile\cocos2d\cocos\editor-support\cocostudio\proj.win32\debug.win32\ccframe.obj
e:\spinepartcile\cocos2d\cocos\editor-support\cocostudio\proj.win32\debug.win32\cctimeline.obj
e:\spinepartcile\cocos2d\cocos\editor-support\cocostudio\proj.win32\debug.win32\ccarmaturedatamanager.obj
e:\spinepartcile\cocos2d\cocos\editor-support\cocostudio\proj.win32\debug.win32\cccomattribute.obj
e:\spinepartcile\cocos2d\cocos\editor-support\cocostudio\proj.win32\debug.win32\ccdatas.obj
e:\spinepartcile\cocos2d\cocos\editor-support\cocostudio\proj.win32\debug.win32\ccdisplayfactory.obj
e:\spinepartcile\cocos2d\cocos\editor-support\cocostudio\proj.win32\debug.win32\ccprocessbase.obj
e:\spinepartcile\cocos2d\cocos\editor-support\cocostudio\proj.win32\debug.win32\ccsscenereader.obj
e:\spinepartcile\cocos2d\cocos\editor-support\cocostudio\proj.win32\debug.win32\buttonreader.obj
e:\spinepartcile\cocos2d\cocos\editor-support\cocostudio\proj.win32\debug.win32\listviewreader.obj
e:\spinepartcile\cocos2d\cocos\editor-support\cocostudio\proj.win32\debug.win32\sliderreader.obj
e:\spinepartcile\cocos2d\cocos\editor-support\cocostudio\proj.win32\debug.win32\textreader.obj
f:\gundam_engine\customeditor\spinepartcile\debug.win32\libcocosstudio.lib
e:\spinepartcile\debug.win32\libcocosstudio.lib
e:\spinepartcile\cocos2d\cocos\editor-support\cocostudio\proj.win32\debug.win32\libcocosstudio.tlog\cl.command.1.tlog
e:\spinepartcile\cocos2d\cocos\editor-support\cocostudio\proj.win32\debug.win32\libcocosstudio.tlog\cl.read.1.tlog
e:\spinepartcile\cocos2d\cocos\editor-support\cocostudio\proj.win32\debug.win32\libcocosstudio.tlog\cl.write.1.tlog
e:\spinepartcile\cocos2d\cocos\editor-support\cocostudio\proj.win32\debug.win32\libcocosstudio.tlog\lib-link.read.1.tlog
e:\spinepartcile\cocos2d\cocos\editor-support\cocostudio\proj.win32\debug.win32\libcocosstudio.tlog\lib-link.write.1.tlog
e:\spinepartcile\cocos2d\cocos\editor-support\cocostudio\proj.win32\debug.win32\libcocosstudio.tlog\lib.command.1.tlog
