f:\gundam_engine\customeditor\spinepartcile\cocos2d\cocos\ui\proj.win32\debug.win32\uicheckbox.obj
f:\gundam_engine\customeditor\spinepartcile\cocos2d\cocos\ui\proj.win32\debug.win32\uihelper.obj
f:\gundam_engine\customeditor\spinepartcile\cocos2d\cocos\ui\proj.win32\debug.win32\uilayoutmanager.obj
f:\gundam_engine\customeditor\spinepartcile\cocos2d\cocos\ui\proj.win32\debug.win32\uiloadingbar.obj
f:\gundam_engine\customeditor\spinepartcile\cocos2d\cocos\ui\proj.win32\debug.win32\uislider.obj
f:\gundam_engine\customeditor\spinepartcile\cocos2d\cocos\ui\proj.win32\debug.win32\uitextfield.obj
f:\gundam_engine\customeditor\spinepartcile\cocos2d\cocos\ui\proj.win32\debug.win32\uibutton.obj
f:\gundam_engine\customeditor\spinepartcile\cocos2d\cocos\ui\proj.win32\debug.win32\uiimageview.obj
f:\gundam_engine\customeditor\spinepartcile\cocos2d\cocos\ui\proj.win32\debug.win32\uilistview.obj
f:\gundam_engine\customeditor\spinepartcile\cocos2d\cocos\ui\proj.win32\debug.win32\uirichtext.obj
f:\gundam_engine\customeditor\spinepartcile\cocos2d\cocos\ui\proj.win32\debug.win32\uitextatlas.obj
f:\gundam_engine\customeditor\spinepartcile\cocos2d\cocos\ui\proj.win32\debug.win32\uiwidget.obj
f:\gundam_engine\customeditor\spinepartcile\cocos2d\cocos\ui\proj.win32\debug.win32\ccprotectednode.obj
f:\gundam_engine\customeditor\spinepartcile\cocos2d\cocos\ui\proj.win32\debug.win32\uideprecated.obj
f:\gundam_engine\customeditor\spinepartcile\cocos2d\cocos\ui\proj.win32\debug.win32\uilayoutparameter.obj
f:\gundam_engine\customeditor\spinepartcile\cocos2d\cocos\ui\proj.win32\debug.win32\uipageview.obj
f:\gundam_engine\customeditor\spinepartcile\cocos2d\cocos\ui\proj.win32\debug.win32\uiscrollview.obj
f:\gundam_engine\customeditor\spinepartcile\cocos2d\cocos\ui\proj.win32\debug.win32\uitextbmfont.obj
f:\gundam_engine\customeditor\spinepartcile\cocos2d\cocos\ui\proj.win32\debug.win32\cocosgui.obj
f:\gundam_engine\customeditor\spinepartcile\cocos2d\cocos\ui\proj.win32\debug.win32\uihbox.obj
f:\gundam_engine\customeditor\spinepartcile\cocos2d\cocos\ui\proj.win32\debug.win32\uilayout.obj
f:\gundam_engine\customeditor\spinepartcile\cocos2d\cocos\ui\proj.win32\debug.win32\uirelativebox.obj
f:\gundam_engine\customeditor\spinepartcile\cocos2d\cocos\ui\proj.win32\debug.win32\uitext.obj
f:\gundam_engine\customeditor\spinepartcile\cocos2d\cocos\ui\proj.win32\debug.win32\uivbox.obj
e:\spinepartcile\cocos2d\cocos\ui\proj.win32\debug.win32\cocosgui.obj
e:\spinepartcile\cocos2d\cocos\ui\proj.win32\debug.win32\uihbox.obj
e:\spinepartcile\cocos2d\cocos\ui\proj.win32\debug.win32\uilayoutparameter.obj
e:\spinepartcile\cocos2d\cocos\ui\proj.win32\debug.win32\uipageview.obj
e:\spinepartcile\cocos2d\cocos\ui\proj.win32\debug.win32\uislider.obj
e:\spinepartcile\cocos2d\cocos\ui\proj.win32\debug.win32\uitextfield.obj
e:\spinepartcile\cocos2d\cocos\ui\proj.win32\debug.win32\ccprotectednode.obj
e:\spinepartcile\cocos2d\cocos\ui\proj.win32\debug.win32\uideprecated.obj
e:\spinepartcile\cocos2d\cocos\ui\proj.win32\debug.win32\uilayout.obj
e:\spinepartcile\cocos2d\cocos\ui\proj.win32\debug.win32\uirelativebox.obj
e:\spinepartcile\cocos2d\cocos\ui\proj.win32\debug.win32\uitext.obj
e:\spinepartcile\cocos2d\cocos\ui\proj.win32\debug.win32\uivbox.obj
e:\spinepartcile\cocos2d\cocos\ui\proj.win32\debug.win32\uiwidget.obj
e:\spinepartcile\cocos2d\cocos\ui\proj.win32\debug.win32\uicheckbox.obj
e:\spinepartcile\cocos2d\cocos\ui\proj.win32\debug.win32\uihelper.obj
e:\spinepartcile\cocos2d\cocos\ui\proj.win32\debug.win32\uilayoutmanager.obj
e:\spinepartcile\cocos2d\cocos\ui\proj.win32\debug.win32\uiloadingbar.obj
e:\spinepartcile\cocos2d\cocos\ui\proj.win32\debug.win32\uiscrollview.obj
e:\spinepartcile\cocos2d\cocos\ui\proj.win32\debug.win32\uitextbmfont.obj
e:\spinepartcile\cocos2d\cocos\ui\proj.win32\debug.win32\uibutton.obj
e:\spinepartcile\cocos2d\cocos\ui\proj.win32\debug.win32\uiimageview.obj
e:\spinepartcile\cocos2d\cocos\ui\proj.win32\debug.win32\uilistview.obj
e:\spinepartcile\cocos2d\cocos\ui\proj.win32\debug.win32\uirichtext.obj
e:\spinepartcile\cocos2d\cocos\ui\proj.win32\debug.win32\uitextatlas.obj
f:\gundam_engine\customeditor\spinepartcile\debug.win32\libgui.lib
e:\spinepartcile\debug.win32\libgui.lib
e:\spinepartcile\cocos2d\cocos\ui\proj.win32\debug.win32\libgui.tlog\cl.command.1.tlog
e:\spinepartcile\cocos2d\cocos\ui\proj.win32\debug.win32\libgui.tlog\cl.read.1.tlog
e:\spinepartcile\cocos2d\cocos\ui\proj.win32\debug.win32\libgui.tlog\cl.write.1.tlog
e:\spinepartcile\cocos2d\cocos\ui\proj.win32\debug.win32\libgui.tlog\lib-link.read.1.tlog
e:\spinepartcile\cocos2d\cocos\ui\proj.win32\debug.win32\libgui.tlog\lib-link.write.1.tlog
e:\spinepartcile\cocos2d\cocos\ui\proj.win32\debug.win32\libgui.tlog\lib.command.1.tlog
