生成启动时间为 2015/8/7 11:38:45。
     1>项目“E:\SpinePartcile\cocos2d\extensions\proj.win32\libExtensions.vcxproj”在节点 2 上(Build 个目标)。
     1>ClCompile:
         C:\Program Files (x86)\Microsoft Visual Studio 12.0\VC\bin\CL.exe /c /I"C:\Program Files (x86)\Microsoft SDKs\Windows\v7.1A\include" /IE:\SpinePartcile\cocos2d\cocos\2d\..\..\ /IE:\SpinePartcile\cocos2d\cocos\2d\..\..\cocos\audio\include /IE:\SpinePartcile\cocos2d\cocos\2d\..\..\external /IE:\SpinePartcile\cocos2d\cocos\2d\..\..\external\unzip /IE:\SpinePartcile\cocos2d\cocos\2d\..\..\external\chipmunk\include\chipmunk /IE:\SpinePartcile\cocos2d\cocos\2d\..\..\external\curl\include\win32 /IE:\SpinePartcile\cocos2d\cocos\2d\..\..\external\sqlite3\include /IE:\SpinePartcile\cocos2d\cocos\2d\..\..\external\libwebsockets\win32\include /I"E:\SpinePartcile\cocos2d\cocos\2d\..\..\external\win32-specific\zlib\include" /I..\ /IE:\SpinePartcile\cocos2d\cocos\2d\..\..\cocos /IE:\SpinePartcile\cocos2d\cocos\2d\..\..\cocos\platform\win32 /IE:\SpinePartcile\cocos2d\cocos\2d\..\..\cocos\platform\desktop /IE:\SpinePartcile\cocos2d\cocos\2d\..\..\external\glfw3\include\win32 /I"E:\SpinePartcile\cocos2d\cocos\2d\..\..\external\win32-specific\gles\include\OGLES" /IE:\SpinePartcile\cocos2d\cocos\2d\..\..\cocos\platform\ /nologo /W3 /WX- /MP /O1 /Oi /Oy- /D WIN32 /D _WINDOWS /D NDEBUG /D _LIB /D CC_ENABLE_CHIPMUNK_INTEGRATION=1 /D _CRT_SECURE_NO_WARNINGS /D _SCL_SECURE_NO_WARNINGS /D _VARIADIC_MAX=10 /D _USING_V110_SDK71_ /D _UNICODE /D UNICODE /Gm- /EHsc /MD /GS /Gy /fp:precise /Zc:wchar_t /Zc:forScope /Fo"Release.win32\\" /Fd"Release.win32\vc120.pdb" /Gd /TP /wd4267 /wd4251 /wd4244 /analyze- /errorReport:prompt "..\assets-manager\AssetsManager.cpp" ..\GUI\CCControlExtension\CCControl.cpp ..\GUI\CCControlExtension\CCControlButton.cpp ..\GUI\CCControlExtension\CCControlColourPicker.cpp ..\GUI\CCControlExtension\CCControlHuePicker.cpp ..\GUI\CCControlExtension\CCControlPotentiometer.cpp ..\GUI\CCControlExtension\CCControlSaturationBrightnessPicker.cpp ..\GUI\CCControlExtension\CCControlSlider.cpp ..\GUI\CCControlExtension\CCControlStepper.cpp ..\GUI\CCControlExtension\CCControlSwitch.cpp ..\GUI\CCControlExtension\CCControlUtils.cpp ..\GUI\CCControlExtension\CCInvocation.cpp ..\GUI\CCControlExtension\CCScale9Sprite.cpp ..\GUI\CCEditBox\CCEditBox.cpp ..\GUI\CCEditBox\CCEditBoxImplWin.cpp ..\GUI\CCScrollView\CCScrollView.cpp ..\GUI\CCScrollView\CCTableView.cpp ..\GUI\CCScrollView\CCTableViewCell.cpp "..\physics-nodes\CCPhysicsDebugNode.cpp" "..\physics-nodes\CCPhysicsSprite.cpp" Win32InputBox.cpp
         AssetsManager.cpp
         CCControl.cpp
         CCControlButton.cpp
         CCControlColourPicker.cpp
     1>e:\spinepartcile\cocos2d\cocos\base/ccUtils.h : warning C4819: 该文件包含不能在当前代码页(936)中表示的字符。请将该文件保存为 Unicode 格式以防止数据丢失 (..\assets-manager\AssetsManager.cpp)
         CCControlHuePicker.cpp
         CCControlPotentiometer.cpp
         CCControlSaturationBrightnessPicker.cpp
         CCControlSlider.cpp
         CCControlStepper.cpp
         CCControlSwitch.cpp
         CCControlUtils.cpp
         CCInvocation.cpp
         CCScale9Sprite.cpp
         CCEditBox.cpp
         CCEditBoxImplWin.cpp
         CCScrollView.cpp
     1>e:\spinepartcile\cocos2d\cocos\base/ccUtils.h : warning C4819: 该文件包含不能在当前代码页(936)中表示的字符。请将该文件保存为 Unicode 格式以防止数据丢失 (..\GUI\CCEditBox\CCEditBoxImplWin.cpp)
         CCTableView.cpp
         CCTableViewCell.cpp
     1>..\GUI\CCEditBox\CCEditBoxImplWin.cpp(171): warning C4996: 'cocos2d::cc_utf8_strlen': 被声明为已否决
                 e:\spinepartcile\cocos2d\cocos\base/ccUTF8.h(169) : 参见“cocos2d::cc_utf8_strlen”的声明
         CCPhysicsDebugNode.cpp
         CCPhysicsSprite.cpp
         Win32InputBox.cpp
     1>e:\spinepartcile\cocos2d\external\chipmunk\include\chipmunk\cpBB.h(105): warning C4056: 浮点常量算术溢出 (..\physics-nodes\CCPhysicsDebugNode.cpp)
     1>e:\spinepartcile\cocos2d\external\chipmunk\include\chipmunk\cpBB.h(111): warning C4056: 浮点常量算术溢出 (..\physics-nodes\CCPhysicsDebugNode.cpp)
     1>e:\spinepartcile\cocos2d\external\chipmunk\include\chipmunk\cpBB.h(105): warning C4056: 浮点常量算术溢出 (..\physics-nodes\CCPhysicsSprite.cpp)
     1>e:\spinepartcile\cocos2d\external\chipmunk\include\chipmunk\cpBB.h(111): warning C4056: 浮点常量算术溢出 (..\physics-nodes\CCPhysicsSprite.cpp)
     1>e:\spinepartcile\cocos2d\cocos\base/ccUtils.h : warning C4819: 该文件包含不能在当前代码页(936)中表示的字符。请将该文件保存为 Unicode 格式以防止数据丢失 (Win32InputBox.cpp)
       Lib:
         C:\Program Files (x86)\Microsoft Visual Studio 12.0\VC\bin\Lib.exe /OUT:"E:\SpinePartcile\Release.win32\libExtensions.lib" /NOLOGO Release.win32\AssetsManager.obj
         Release.win32\CCControl.obj
         Release.win32\CCControlButton.obj
         Release.win32\CCControlColourPicker.obj
         Release.win32\CCControlHuePicker.obj
         Release.win32\CCControlPotentiometer.obj
         Release.win32\CCControlSaturationBrightnessPicker.obj
         Release.win32\CCControlSlider.obj
         Release.win32\CCControlStepper.obj
         Release.win32\CCControlSwitch.obj
         Release.win32\CCControlUtils.obj
         Release.win32\CCInvocation.obj
         Release.win32\CCScale9Sprite.obj
         Release.win32\CCEditBox.obj
         Release.win32\CCEditBoxImplWin.obj
         Release.win32\CCScrollView.obj
         Release.win32\CCTableView.obj
         Release.win32\CCTableViewCell.obj
         Release.win32\CCPhysicsDebugNode.obj
         Release.win32\CCPhysicsSprite.obj
         Release.win32\Win32InputBox.obj
         libExtensions.vcxproj -> E:\SpinePartcile\Release.win32\libExtensions.lib
     1>已完成生成项目“E:\SpinePartcile\cocos2d\extensions\proj.win32\libExtensions.vcxproj”(Build 个目标)的操作。

生成成功。

已用时间 00:00:28.84
